<?xml version="1.0" encoding="UTF-8"?>
<!-- Generated by org.testng.reporters.JUnitReportReporter -->
<testsuite hostname="LAPTOP-PD0R1FO9" failures="0" tests="1" name="com.pro.Test1" time="0.011" errors="0" timestamp="2022-10-23T20:08:16 IST" skipped="0">
  <testcase classname="com.pro.Test1" name="test_001" time="0.011"/>
  <system-out/>
</testsuite> <!-- com.pro.Test1 -->
