<?xml version="1.0" encoding="UTF-8"?>
<!-- Generated by org.testng.reporters.JUnitReportReporter -->
<testsuite hostname="LAPTOP-PD0R1FO9" failures="0" tests="1" name="com.pro.Test_3" time="30.308" errors="0" timestamp="2022-10-24T18:00:42 IST" skipped="0">
  <testcase classname="com.pro.Test_3" name="Test_1" time="30.308"/>
  <system-out/>
</testsuite> <!-- com.pro.Test_3 -->
