<?xml version="1.0" encoding="UTF-8"?>
<!-- Generated by org.testng.reporters.JUnitReportReporter -->
<testsuite hostname="LAPTOP-PD0R1FO9" failures="0" tests="3" name="com.pro.Test_2" time="32.713" errors="0" timestamp="2022-10-24T11:09:04 IST" skipped="0">
  <testcase classname="com.pro.Test_2" name="Test_3" time="8.304"/>
  <system-out/>
  <testcase classname="com.pro.Test_2" name="Test_1" time="16.683"/>
  <system-out/>
  <testcase classname="com.pro.Test_2" name="Test_2" time="7.726"/>
  <system-out/>
</testsuite> <!-- com.pro.Test_2 -->
