<?xml version="1.0" encoding="UTF-8"?>
<!-- Generated by org.testng.reporters.JUnitReportReporter -->
<testsuite hostname="LAPTOP-PD0R1FO9" failures="0" tests="2" name="com.pro.Test_18july_2" time="0.006" errors="0" timestamp="2022-10-25T12:04:47 IST" skipped="0">
  <testcase classname="com.pro.Test_18july_2" name="m2" time="0.005"/>
  <system-out/>
  <testcase classname="com.pro.Test_18july_2" name="m3" time="0.001"/>
  <system-out/>
</testsuite> <!-- com.pro.Test_18july_2 -->
