<?xml version="1.0" encoding="UTF-8"?>
<!-- Generated by org.testng.reporters.JUnitReportReporter -->
<testsuite hostname="LAPTOP-PD0R1FO9" failures="0" tests="1" name="com.pro.Test_18july" time="0.005" errors="0" timestamp="2022-10-25T11:38:40 IST" skipped="0">
  <testcase classname="com.pro.Test_18july" name="m1" time="0.005"/>
  <system-out/>
</testsuite> <!-- com.pro.Test_18july -->
