<?xml version="1.0" encoding="UTF-8"?>
<!-- Generated by org.testng.reporters.JUnitReportReporter -->
<testsuite hostname="LAPTOP-PD0R1FO9" failures="0" tests="2" name="com.pro.Test_18july_3" time="51.237" errors="0" timestamp="2022-10-25T20:27:08 IST" skipped="0">
  <testcase classname="com.pro.Test_18july_3" name="m1" time="42.044"/>
  <system-out/>
  <testcase classname="com.pro.Test_18july_3" name="m1" time="9.193"/>
  <system-out/>
</testsuite> <!-- com.pro.Test_18july_3 -->
