<?xml version="1.0" encoding="UTF-8"?>
<!-- Generated by org.testng.reporters.JUnitReportReporter -->
<testsuite hostname="LAPTOP-PD0R1FO9" failures="0" tests="1" name="com.pro.Exceldata_20july" time="9.353" errors="0" timestamp="2022-10-27T09:35:12 IST" skipped="0">
  <testcase classname="com.pro.Exceldata_20july" name="testread" time="9.353"/>
  <system-out/>
</testsuite> <!-- com.pro.Exceldata_20july -->
